<?xml version="1.0" encoding="UTF-8"?>
<!-- Generated by org.testng.reporters.JUnitReportReporter -->
<testsuite hostname="C02D3KDHMD6M" failures="0" tests="13" name="base.StreamDemo" time="0.104" errors="1" timestamp="2024-04-23T08:32:02 IST" skipped="0">
  <testcase classname="base.StreamDemo" name="regular" time="0.003"/>
  <testcase classname="base.StreamDemo" name="streamPrintMoreThan4" time="0.001"/>
  <testcase classname="base.StreamDemo" name="streamInput" time="0.001"/>
  <testcase classname="base.StreamDemo" name="streamMap" time="0.002"/>
  <testcase classname="base.StreamDemo" name="anyMatch" time="0.075"/>
  <testcase classname="base.StreamDemo" name="uniqueSorted" time="0.003"/>
  <testcase classname="base.StreamDemo" name="merge" time="0.002"/>
  <testcase classname="base.StreamDemo" name="streamFilter" time="0.001"/>
  <testcase classname="base.StreamDemo" name="createNewOutputList" time="0.002"/>
  <testcase classname="base.StreamDemo" name="sorted" time="0.002"/>
  <testcase classname="base.StreamDemo" name="streamPrintMoreThan4Limit" time="0.006"/>
  <testcase classname="base.StreamDemo" name="streamInputConditional" time="0.002">
    <error message="Unresolved compilation problem: 
	The method filter(Predicate&lt;? super String&gt;) in the type Stream&lt;String&gt; is not applicable for the arguments ((&lt;no type&gt; actualName) -&gt; {})
" type="java.lang.Error">
      <![CDATA[java.lang.Error: Unresolved compilation problem: 
The method filter(Predicate<? super String>) in the type Stream<String> is not applicable for the arguments ((<no type> actualName) -> {})

at base.StreamDemo.streamInputConditional(StreamDemo.java:72)
at java.base/jdk.internal.reflect.DirectMethodHandleAccessor.invoke(DirectMethodHandleAccessor.java:103)
at java.base/java.lang.reflect.Method.invoke(Method.java:580)
at org.testng.internal.invokers.MethodInvocationHelper.invokeMethod(MethodInvocationHelper.java:139)
at org.testng.internal.invokers.TestInvoker.invokeMethod(TestInvoker.java:664)
at org.testng.internal.invokers.TestInvoker.invokeTestMethod(TestInvoker.java:228)
at org.testng.internal.invokers.MethodRunner.runInSequence(MethodRunner.java:63)
at org.testng.internal.invokers.TestInvoker$MethodInvocationAgent.invoke(TestInvoker.java:961)
at org.testng.internal.invokers.TestInvoker.invokeTestMethods(TestInvoker.java:201)
at org.testng.internal.invokers.TestMethodWorker.invokeTestMethods(TestMethodWorker.java:148)
at org.testng.internal.invokers.TestMethodWorker.run(TestMethodWorker.java:128)
at java.base/java.util.ArrayList.forEach(ArrayList.java:1596)
at org.testng.TestRunner.privateRun(TestRunner.java:819)
at org.testng.TestRunner.run(TestRunner.java:619)
at org.testng.SuiteRunner.runTest(SuiteRunner.java:443)
at org.testng.SuiteRunner.runSequentially(SuiteRunner.java:437)
at org.testng.SuiteRunner.privateRun(SuiteRunner.java:397)
at org.testng.SuiteRunner.run(SuiteRunner.java:336)
at org.testng.SuiteRunnerWorker.runSuite(SuiteRunnerWorker.java:52)
at org.testng.SuiteRunnerWorker.run(SuiteRunnerWorker.java:95)
at org.testng.TestNG.runSuitesSequentially(TestNG.java:1301)
at org.testng.TestNG.runSuitesLocally(TestNG.java:1228)
at org.testng.TestNG.runSuites(TestNG.java:1134)
at org.testng.TestNG.run(TestNG.java:1101)
at org.testng.remote.AbstractRemoteTestNG.run(AbstractRemoteTestNG.java:115)
at org.testng.remote.RemoteTestNG.initAndRun(RemoteTestNG.java:251)
at org.testng.remote.RemoteTestNG.main(RemoteTestNG.java:77)
]]>
    </error>
  </testcase> <!-- streamInputConditional -->
  <testcase classname="base.StreamDemo" name="streamMapSorted" time="0.004"/>
</testsuite> <!-- base.StreamDemo -->
