<?xml version="1.0" encoding="UTF-8"?>
<!-- Generated by org.testng.reporters.JUnitReportReporter -->
<testsuite hostname="C02D3KDHMD6M" failures="0" tests="1" name="base.TestNGDemo" time="0.016" errors="0" timestamp="2024-04-25T00:39:56 IST" skipped="0">
  <testcase classname="base.TestNGDemo" name="demo" time="0.016"/>
</testsuite> <!-- base.TestNGDemo -->
